<?xml version="1.0" encoding="UTF-8"?>
<testsuite name="Academy Choucair" tests="1" skipped="0" failures="0" errors="0" timestamp="2021-09-25T06:18:43" hostname="CHBOGML-153082" time="31.324">
  <properties/>
  <testcase name="Search for a automation course" classname="Academy Choucair" time="31.324"/>
  <system-out><![CDATA[]]></system-out>
  <system-err><![CDATA[[Test worker] WARN net.thucydides.core.steps.BaseStepListener - stepStarted: net.thucydides.core.steps.ExecutedStepDescription@964062d
[Test worker] WARN net.thucydides.core.steps.BaseStepListener - stepStarted: net.thucydides.core.steps.ExecutedStepDescription@7bb1c01e
[Test worker] WARN net.thucydides.core.steps.BaseStepListener - stepStarted: net.thucydides.core.steps.ExecutedStepDescription@4ca59421
sep 25, 2021 1:18:44 AM org.openqa.selenium.remote.DesiredCapabilities chrome
INFORMACIÓN: Using `new ChromeOptions()` is preferred to `DesiredCapabilities.chrome()`
[Test worker] INFO net.serenitybdd.core.webdriver.driverproviders.ProvideNewDriver - Instantiating driver
[Test worker] INFO net.serenitybdd.core.webdriver.driverproviders.ProvideNewDriver - Driver capabilities: Capabilities {acceptInsecureCerts: false, browserName: chrome, chrome.switches: --start-maximized, goog:chromeOptions: {args: [--start-maximized], extensions: []}, loggingPrefs: org.openqa.selenium.logging..., platform: ANY, version: }
Starting ChromeDriver 92.0.4515.107 (87a818b10553a07434ea9e2b6dccf3cbe7895134-refs/branch-heads/4515@{#1634}) on port 2567
Only local connections are allowed.
Please see https://chromedriver.chromium.org/security-considerations for suggestions on keeping ChromeDriver safe.
ChromeDriver was started successfully.
[1632550726.504][WARNING]: This version of ChromeDriver has not been tested with Chrome version 93.
sep 25, 2021 1:18:46 AM org.openqa.selenium.remote.ProtocolHandshake createSession
INFORMACIÓN: Detected dialect: W3C
[Test worker] WARN net.thucydides.core.steps.BaseStepListener - stepFinished: current outcome:Search for a automation course:Given than brandon wants to learn automation at the academy Choucair [Brandon open up [Brandon opens the Choucair academy page]]
[Test worker] WARN net.thucydides.core.steps.BaseStepListener - stepFinished: current outcome:Search for a automation course:Given than brandon wants to learn automation at the academy Choucair [Brandon open up [Brandon opens the Choucair academy page]]
[Test worker] WARN net.thucydides.core.steps.BaseStepListener - stepStarted: net.thucydides.core.steps.ExecutedStepDescription@5cabf4db
[Test worker] WARN net.thucydides.core.steps.BaseStepListener - stepStarted: net.thucydides.core.steps.ExecutedStepDescription@13e0ff7c
[Test worker] WARN net.thucydides.core.steps.BaseStepListener - stepFinished: current outcome:Search for a automation course:Given than brandon wants to learn automation at the academy Choucair [Brandon open up [Brandon opens the Choucair academy page], Brandon login [Brandon clicks on button that shows us the form to login]]
[Test worker] WARN net.thucydides.core.steps.BaseStepListener - stepStarted: net.thucydides.core.steps.ExecutedStepDescription@2f5dc636
[Test worker] WARN net.thucydides.core.steps.BaseStepListener - stepFinished: current outcome:Search for a automation course:Given than brandon wants to learn automation at the academy Choucair [Brandon open up [Brandon opens the Choucair academy page], Brandon login [Brandon clicks on button that shows us the form to login, Brandon enters 'imorad' into where do we write the user]]
[Test worker] WARN net.thucydides.core.steps.BaseStepListener - stepStarted: net.thucydides.core.steps.ExecutedStepDescription@427e76fb
[Test worker] WARN net.thucydides.core.steps.BaseStepListener - stepFinished: current outcome:Search for a automation course:Given than brandon wants to learn automation at the academy Choucair [Brandon open up [Brandon opens the Choucair academy page], Brandon login [Brandon clicks on button that shows us the form to login, Brandon enters 'imorad' into where do we write the user, Brandon enters '1001094980Indo' into where do we write the password]]
[Test worker] WARN net.thucydides.core.steps.BaseStepListener - stepStarted: net.thucydides.core.steps.ExecutedStepDescription@1a2162d
[Test worker] WARN net.thucydides.core.steps.BaseStepListener - stepFinished: current outcome:Search for a automation course:Given than brandon wants to learn automation at the academy Choucair [Brandon open up [Brandon opens the Choucair academy page], Brandon login [Brandon clicks on button that shows us the form to login, Brandon enters 'imorad' into where do we write the user, Brandon enters '1001094980Indo' into where do we write the password, Brandon clicks on button to confirm login]]
[Test worker] WARN net.thucydides.core.steps.BaseStepListener - stepFinished: current outcome:Search for a automation course:Given than brandon wants to learn automation at the academy Choucair [Brandon open up [Brandon opens the Choucair academy page], Brandon login [Brandon clicks on button that shows us the form to login, Brandon enters 'imorad' into where do we write the user, Brandon enters '1001094980Indo' into where do we write the password, Brandon clicks on button to confirm login]]
[Test worker] WARN net.thucydides.core.steps.BaseStepListener - stepFinished: current outcome:Search for a automation course:Given than brandon wants to learn automation at the academy Choucair [Brandon open up [Brandon opens the Choucair academy page], Brandon login [Brandon clicks on button that shows us the form to login, Brandon enters 'imorad' into where do we write the user, Brandon enters '1001094980Indo' into where do we write the password, Brandon clicks on button to confirm login]]
[Test worker] WARN net.thucydides.core.steps.BaseStepListener - stepStarted: net.thucydides.core.steps.ExecutedStepDescription@659d0247
[Test worker] WARN net.thucydides.core.steps.BaseStepListener - stepStarted: net.thucydides.core.steps.ExecutedStepDescription@30672f72
[Test worker] WARN net.thucydides.core.steps.BaseStepListener - stepStarted: net.thucydides.core.steps.ExecutedStepDescription@5c2addd7
[Test worker] WARN net.thucydides.core.steps.BaseStepListener - stepFinished: current outcome:Search for a automation course:Given than brandon wants to learn automation at the academy Choucair [Brandon open up [Brandon opens the Choucair academy page], Brandon login [Brandon clicks on button that shows us the form to login, Brandon enters 'imorad' into where do we write the user, Brandon enters '1001094980Indo' into where do we write the password, Brandon clicks on button to confirm login]], When he search for the course Recursos Automatizacion Bancolombia on the choucair academy platform [Brandon search [Brandon clicks on Selecciona la universidad choucair]]
[Test worker] WARN net.thucydides.core.steps.BaseStepListener - stepStarted: net.thucydides.core.steps.ExecutedStepDescription@3bad620e
[Test worker] WARN net.thucydides.core.steps.BaseStepListener - stepFinished: current outcome:Search for a automation course:Given than brandon wants to learn automation at the academy Choucair [Brandon open up [Brandon opens the Choucair academy page], Brandon login [Brandon clicks on button that shows us the form to login, Brandon enters 'imorad' into where do we write the user, Brandon enters '1001094980Indo' into where do we write the password, Brandon clicks on button to confirm login]], When he search for the course Recursos Automatizacion Bancolombia on the choucair academy platform [Brandon search [Brandon clicks on Selecciona la universidad choucair, Brandon enters 'Recursos Automatizacion Bancolombia' into Buscar el curso]]
[Test worker] WARN net.thucydides.core.steps.BaseStepListener - stepStarted: net.thucydides.core.steps.ExecutedStepDescription@2b70c2c2
[Test worker] WARN net.thucydides.core.steps.BaseStepListener - stepFinished: current outcome:Search for a automation course:Given than brandon wants to learn automation at the academy Choucair [Brandon open up [Brandon opens the Choucair academy page], Brandon login [Brandon clicks on button that shows us the form to login, Brandon enters 'imorad' into where do we write the user, Brandon enters '1001094980Indo' into where do we write the password, Brandon clicks on button to confirm login]], When he search for the course Recursos Automatizacion Bancolombia on the choucair academy platform [Brandon search [Brandon clicks on Selecciona la universidad choucair, Brandon enters 'Recursos Automatizacion Bancolombia' into Buscar el curso, Brandon clicks on Da click para buscar el curso]]
[Test worker] WARN net.thucydides.core.steps.BaseStepListener - stepStarted: net.thucydides.core.steps.ExecutedStepDescription@523cb912
[Test worker] WARN net.thucydides.core.steps.BaseStepListener - stepFinished: current outcome:Search for a automation course:Given than brandon wants to learn automation at the academy Choucair [Brandon open up [Brandon opens the Choucair academy page], Brandon login [Brandon clicks on button that shows us the form to login, Brandon enters 'imorad' into where do we write the user, Brandon enters '1001094980Indo' into where do we write the password, Brandon clicks on button to confirm login]], When he search for the course Recursos Automatizacion Bancolombia on the choucair academy platform [Brandon search [Brandon clicks on Selecciona la universidad choucair, Brandon enters 'Recursos Automatizacion Bancolombia' into Buscar el curso, Brandon clicks on Da click para buscar el curso, Brandon clicks on Click en el curso]]
[Test worker] WARN net.thucydides.core.steps.BaseStepListener - stepFinished: current outcome:Search for a automation course:Given than brandon wants to learn automation at the academy Choucair [Brandon open up [Brandon opens the Choucair academy page], Brandon login [Brandon clicks on button that shows us the form to login, Brandon enters 'imorad' into where do we write the user, Brandon enters '1001094980Indo' into where do we write the password, Brandon clicks on button to confirm login]], When he search for the course Recursos Automatizacion Bancolombia on the choucair academy platform [Brandon search [Brandon clicks on Selecciona la universidad choucair, Brandon enters 'Recursos Automatizacion Bancolombia' into Buscar el curso, Brandon clicks on Da click para buscar el curso, Brandon clicks on Click en el curso]]
[Test worker] WARN net.thucydides.core.steps.BaseStepListener - stepFinished: current outcome:Search for a automation course:Given than brandon wants to learn automation at the academy Choucair [Brandon open up [Brandon opens the Choucair academy page], Brandon login [Brandon clicks on button that shows us the form to login, Brandon enters 'imorad' into where do we write the user, Brandon enters '1001094980Indo' into where do we write the password, Brandon clicks on button to confirm login]], When he search for the course Recursos Automatizacion Bancolombia on the choucair academy platform [Brandon search [Brandon clicks on Selecciona la universidad choucair, Brandon enters 'Recursos Automatizacion Bancolombia' into Buscar el curso, Brandon clicks on Da click para buscar el curso, Brandon clicks on Click en el curso]]
[Test worker] WARN net.thucydides.core.steps.BaseStepListener - stepStarted: net.thucydides.core.steps.ExecutedStepDescription@411450a9
[Test worker] WARN net.thucydides.core.steps.BaseStepListener - stepStarted: net.thucydides.core.steps.ExecutedStepDescription@29fd0edf
[Test worker] WARN net.thucydides.core.steps.BaseStepListener - stepFinished: current outcome:Search for a automation course:Given than brandon wants to learn automation at the academy Choucair [Brandon open up [Brandon opens the Choucair academy page], Brandon login [Brandon clicks on button that shows us the form to login, Brandon enters 'imorad' into where do we write the user, Brandon enters '1001094980Indo' into where do we write the password, Brandon clicks on button to confirm login]], When he search for the course Recursos Automatizacion Bancolombia on the choucair academy platform [Brandon search [Brandon clicks on Selecciona la universidad choucair, Brandon enters 'Recursos Automatizacion Bancolombia' into Buscar el curso, Brandon clicks on Da click para buscar el curso, Brandon clicks on Click en el curso]], Then he finds the course called resources Recursos Automatizacion Bancolombia [Then answer]
[Test worker] WARN net.thucydides.core.steps.BaseStepListener - stepFinished: current outcome:Search for a automation course:Given than brandon wants to learn automation at the academy Choucair [Brandon open up [Brandon opens the Choucair academy page], Brandon login [Brandon clicks on button that shows us the form to login, Brandon enters 'imorad' into where do we write the user, Brandon enters '1001094980Indo' into where do we write the password, Brandon clicks on button to confirm login]], When he search for the course Recursos Automatizacion Bancolombia on the choucair academy platform [Brandon search [Brandon clicks on Selecciona la universidad choucair, Brandon enters 'Recursos Automatizacion Bancolombia' into Buscar el curso, Brandon clicks on Da click para buscar el curso, Brandon clicks on Click en el curso]], Then he finds the course called resources Recursos Automatizacion Bancolombia [Then answer]
[Test worker] WARN net.thucydides.core.steps.BaseStepListener - testFinished: Search for a automation course:Given than brandon wants to learn automation at the academy Choucair [Brandon open up [Brandon opens the Choucair academy page], Brandon login [Brandon clicks on button that shows us the form to login, Brandon enters 'imorad' into where do we write the user, Brandon enters '1001094980Indo' into where do we write the password, Brandon clicks on button to confirm login]], When he search for the course Recursos Automatizacion Bancolombia on the choucair academy platform [Brandon search [Brandon clicks on Selecciona la universidad choucair, Brandon enters 'Recursos Automatizacion Bancolombia' into Buscar el curso, Brandon clicks on Da click para buscar el curso, Brandon clicks on Click en el curso]], Then he finds the course called resources Recursos Automatizacion Bancolombia [Then answer]
[Test worker] WARN net.thucydides.core.steps.BaseStepListener - TestOutcomes: [Search for a automation course:Given than brandon wants to learn automation at the academy Choucair [Brandon open up [Brandon opens the Choucair academy page], Brandon login [Brandon clicks on button that shows us the form to login, Brandon enters 'imorad' into where do we write the user, Brandon enters '1001094980Indo' into where do we write the password, Brandon clicks on button to confirm login]], When he search for the course Recursos Automatizacion Bancolombia on the choucair academy platform [Brandon search [Brandon clicks on Selecciona la universidad choucair, Brandon enters 'Recursos Automatizacion Bancolombia' into Buscar el curso, Brandon clicks on Da click para buscar el curso, Brandon clicks on Click en el curso]], Then he finds the course called resources Recursos Automatizacion Bancolombia [Then answer]]
[Test worker] WARN net.thucydides.core.steps.BaseStepListener - Final testOutcomes: [Search for a automation course:Given than brandon wants to learn automation at the academy Choucair [Brandon open up [Brandon opens the Choucair academy page], Brandon login [Brandon clicks on button that shows us the form to login, Brandon enters 'imorad' into where do we write the user, Brandon enters '1001094980Indo' into where do we write the password, Brandon clicks on button to confirm login]], When he search for the course Recursos Automatizacion Bancolombia on the choucair academy platform [Brandon search [Brandon clicks on Selecciona la universidad choucair, Brandon enters 'Recursos Automatizacion Bancolombia' into Buscar el curso, Brandon clicks on Da click para buscar el curso, Brandon clicks on Click en el curso]], Then he finds the course called resources Recursos Automatizacion Bancolombia [Then answer]]
[Test worker] INFO net.thucydides.core.steps.ConsoleLoggingListener - 
        __    _____ _____ ____ _____   ____   _    ____  ____  _____ ____  
  _     \ \  |_   _| ____/ ___|_   _| |  _ \ / \  / ___|/ ___|| ____|  _ \ 
 (_)_____| |   | | |  _| \___ \ | |   | |_) / _ \ \___ \\___ \|  _| | | | |
  _|_____| |   | | | |___ ___) || |   |  __/ ___ \ ___) |___) | |___| |_| |
 (_)     | |   |_| |_____|____/ |_|   |_| /_/   \_\____/|____/|_____|____/ 
        /_/                                                                

TEST PASSED: Search for a automation course
----------------------------------------------------------------------------
]]></system-err>
</testsuite>
